# JRE version: Java(TM) SE Runtime Environment (8.0_111-b14) (build 1.8.0_111-b14)
# Java VM: Java HotSpot(TM) 64-Bit Server VM (25.111-b14 mixed mode windows-amd64 compressed oops)
Heap:
 PSYoungGen      total 13824K, used 7269K [0x00000000d5580000, 0x00000000d6600000, 0x0000000100000000)
  eden space 10752K, 39% used [0x00000000d5580000,0x00000000d59a1a38,0x00000000d6000000)
  from space 3072K, 98% used [0x00000000d6000000,0x00000000d62f7be8,0x00000000d6300000)
  to   space 3072K, 0% used [0x00000000d6300000,0x00000000d6300000,0x00000000d6600000)
 ParOldGen       total 5632K, used 5160K [0x0000000080000000, 0x0000000080580000, 0x00000000d5580000)
  object space 5632K, 91% used [0x0000000080000000,0x000000008050a1f0,0x0000000080580000)
 Metaspace       used 7783K, capacity 8372K, committed 8704K, reserved 1056768K
  class space    used 917K, capacity 944K, committed 1024K, reserved 1048576K
GC Heap History (10 events):
Event: 3.717 GC heap before
{Heap before GC invocations=11 (full 1):
 PSYoungGen      total 7168K, used 4087K [0x00000000d5580000, 0x00000000d6200000, 0x0000000100000000)
  eden space 4096K, 99% used [0x00000000d5580000,0x00000000d597dd00,0x00000000d5980000)
  from space 3072K, 0% used [0x00000000d5980000,0x00000000d5980000,0x00000000d5c80000)
  to   space 3072K, 0% used [0x00000000d5f00000,0x00000000d5f00000,0x00000000d6200000)
 ParOldGen       total 5632K, used 2197K [0x0000000080000000, 0x0000000080580000, 0x00000000d5580000)
  object space 5632K, 39% used [0x0000000080000000,0x0000000080225498,0x0000000080580000)
 Metaspace       used 6777K, capacity 7636K, committed 7808K, reserved 1056768K
  class space    used 827K, capacity 848K, committed 896K, reserved 1048576K
Event: 3.718 GC heap after
Heap after GC invocations=11 (full 1):
 PSYoungGen      total 9728K, used 36K [0x00000000d5580000, 0x00000000d6200000, 0x0000000100000000)
  eden space 6656K, 0% used [0x00000000d5580000,0x00000000d5580000,0x00000000d5c00000)
  from space 3072K, 1% used [0x00000000d5f00000,0x00000000d5f09080,0x00000000d6200000)
  to   space 3072K, 0% used [0x00000000d5c00000,0x00000000d5c00000,0x00000000d5f00000)
 ParOldGen       total 5632K, used 2197K [0x0000000080000000, 0x0000000080580000, 0x00000000d5580000)
  object space 5632K, 39% used [0x0000000080000000,0x0000000080225498,0x0000000080580000)
 Metaspace       used 6777K, capacity 7636K, committed 7808K, reserved 1056768K
  class space    used 827K, capacity 848K, committed 896K, reserved 1048576K
}
Event: 4.210 GC heap before
{Heap before GC invocations=12 (full 1):
 PSYoungGen      total 9728K, used 6692K [0x00000000d5580000, 0x00000000d6200000, 0x0000000100000000)
  eden space 6656K, 100% used [0x00000000d5580000,0x00000000d5c00000,0x00000000d5c00000)
  from space 3072K, 1% used [0x00000000d5f00000,0x00000000d5f09080,0x00000000d6200000)
  to   space 3072K, 0% used [0x00000000d5c00000,0x00000000d5c00000,0x00000000d5f00000)
 ParOldGen       total 5632K, used 2197K [0x0000000080000000, 0x0000000080580000, 0x00000000d5580000)
  object space 5632K, 39% used [0x0000000080000000,0x0000000080225498,0x0000000080580000)
 Metaspace       used 6795K, capacity 7636K, committed 7808K, reserved 1056768K
  class space    used 829K, capacity 848K, committed 896K, reserved 1048576K
Event: 4.211 GC heap after
Heap after GC invocations=12 (full 1):
 PSYoungGen      total 9728K, used 443K [0x00000000d5580000, 0x00000000d6600000, 0x0000000100000000)
  eden space 6656K, 0% used [0x00000000d5580000,0x00000000d5580000,0x00000000d5c00000)
  from space 3072K, 14% used [0x00000000d5c00000,0x00000000d5c6ec10,0x00000000d5f00000)
  to   space 3072K, 0% used [0x00000000d6300000,0x00000000d6300000,0x00000000d6600000)
 ParOldGen       total 5632K, used 2205K [0x0000000080000000, 0x0000000080580000, 0x00000000d5580000)
  object space 5632K, 39% used [0x0000000080000000,0x0000000080227498,0x0000000080580000)
 Metaspace       used 6795K, capacity 7636K, committed 7808K, reserved 1056768K
  class space    used 829K, capacity 848K, committed 896K, reserved 1048576K
}
Event: 9.172 GC heap before
{Heap before GC invocations=13 (full 1):
 PSYoungGen      total 9728K, used 7099K [0x00000000d5580000, 0x00000000d6600000, 0x0000000100000000)
  eden space 6656K, 100% used [0x00000000d5580000,0x00000000d5c00000,0x00000000d5c00000)
  from space 3072K, 14% used [0x00000000d5c00000,0x00000000d5c6ec10,0x00000000d5f00000)
  to   space 3072K, 0% used [0x00000000d6300000,0x00000000d6300000,0x00000000d6600000)
 ParOldGen       total 5632K, used 2205K [0x0000000080000000, 0x0000000080580000, 0x00000000d5580000)
  object space 5632K, 39% used [0x0000000080000000,0x0000000080227498,0x0000000080580000)
 Metaspace       used 7468K, capacity 8116K, committed 8448K, reserved 1056768K
  class space    used 903K, capacity 944K, committed 1024K, reserved 1048576K
Event: 9.177 GC heap after
Heap after GC invocations=13 (full 1):
 PSYoungGen      total 13824K, used 1718K [0x00000000d5580000, 0x00000000d6600000, 0x0000000100000000)
  eden space 10752K, 0% used [0x00000000d5580000,0x00000000d5580000,0x00000000d6000000)
  from space 3072K, 55% used [0x00000000d6300000,0x00000000d64ad968,0x00000000d6600000)
  to   space 3072K, 0% used [0x00000000d6000000,0x00000000d6000000,0x00000000d6300000)
 ParOldGen       total 5632K, used 2344K [0x0000000080000000, 0x0000000080580000, 0x00000000d5580000)
  object space 5632K, 41% used [0x0000000080000000,0x000000008024a0a8,0x0000000080580000)
 Metaspace       used 7468K, capacity 8116K, committed 8448K, reserved 1056768K
  class space    used 903K, capacity 944K, committed 1024K, reserved 1048576K
}
Event: 9.413 GC heap before
{Heap before GC invocations=14 (full 1):
 PSYoungGen      total 13824K, used 12470K [0x00000000d5580000, 0x00000000d6600000, 0x0000000100000000)
  eden space 10752K, 100% used [0x00000000d5580000,0x00000000d6000000,0x00000000d6000000)
  from space 3072K, 55% used [0x00000000d6300000,0x00000000d64ad968,0x00000000d6600000)
  to   space 3072K, 0% used [0x00000000d6000000,0x00000000d6000000,0x00000000d6300000)
 ParOldGen       total 5632K, used 2344K [0x0000000080000000, 0x0000000080580000, 0x00000000d5580000)
  object space 5632K, 41% used [0x0000000080000000,0x000000008024a0a8,0x0000000080580000)
 Metaspace       used 7772K, capacity 8372K, committed 8704K, reserved 1056768K
  class space    used 916K, capacity 944K, committed 1024K, reserved 1048576K
Event: 9.423 GC heap after
Heap after GC invocations=14 (full 1):
 PSYoungGen      total 13824K, used 3050K [0x00000000d5580000, 0x00000000d6600000, 0x0000000100000000)
  eden space 10752K, 0% used [0x00000000d5580000,0x00000000d5580000,0x00000000d6000000)
  from space 3072K, 99% used [0x00000000d6000000,0x00000000d62faa90,0x00000000d6300000)
  to   space 3072K, 0% used [0x00000000d6300000,0x00000000d6300000,0x00000000d6600000)
 ParOldGen       total 5632K, used 5587K [0x0000000080000000, 0x0000000080580000, 0x00000000d5580000)
  object space 5632K, 99% used [0x0000000080000000,0x0000000080574c10,0x0000000080580000)
 Metaspace       used 7772K, capacity 8372K, committed 8704K, reserved 1056768K
  class space    used 916K, capacity 944K, committed 1024K, reserved 1048576K
}
Event: 9.423 GC heap before
{Heap before GC invocations=15 (full 2):
 PSYoungGen      total 13824K, used 3050K [0x00000000d5580000, 0x00000000d6600000, 0x0000000100000000)
  eden space 10752K, 0% used [0x00000000d5580000,0x00000000d5580000,0x00000000d6000000)
  from space 3072K, 99% used [0x00000000d6000000,0x00000000d62faa90,0x00000000d6300000)
  to   space 3072K, 0% used [0x00000000d6300000,0x00000000d6300000,0x00000000d6600000)
 ParOldGen       total 5632K, used 5587K [0x0000000080000000, 0x0000000080580000, 0x00000000d5580000)
  object space 5632K, 99% used [0x0000000080000000,0x0000000080574c10,0x0000000080580000)
 Metaspace       used 7772K, capacity 8372K, committed 8704K, reserved 1056768K
  class space    used 916K, capacity 944K, committed 1024K, reserved 1048576K
Event: 9.490 GC heap after
Heap after GC invocations=15 (full 2):
 PSYoungGen      total 13824K, used 3038K [0x00000000d5580000, 0x00000000d6600000, 0x0000000100000000)
  eden space 10752K, 0% used [0x00000000d5580000,0x00000000d5580000,0x00000000d6000000)
  from space 3072K, 98% used [0x00000000d6000000,0x00000000d62f7be8,0x00000000d6300000)
  to   space 3072K, 0% used [0x00000000d6300000,0x00000000d6300000,0x00000000d6600000)
 ParOldGen       total 5632K, used 5160K [0x0000000080000000, 0x0000000080580000, 0x00000000d5580000)
  object space 5632K, 91% used [0x0000000080000000,0x000000008050a1f0,0x0000000080580000)
 Metaspace       used 7772K, capacity 8372K, committed 8704K, reserved 1056768K
  class space    used 916K, capacity 944K, committed 1024K, reserved 1048576K
}

